[1.942s] Invoking command in '/home/user/ros2_ws/src/atp221_assignment': DEBUGINFOD_URLS=https://debuginfod.ubuntu.com PYTHONPATH=/home/user/ros2_ws/build/atp221_assignment/prefix_override:/usr/lib/python3/dist-packages/colcon_core/task/python/colcon_distutils_commands:/home/user/ros2_ws/install/atp221_assignment/lib/python3.12/site-packages:${PYTHONPATH} /usr/bin/python3 -W ignore:setup.py install is deprecated -W ignore:easy_install command is deprecated setup.py egg_info --egg-base ../../build/atp221_assignment build --build-base /home/user/ros2_ws/build/atp221_assignment/build install --record /home/user/ros2_ws/build/atp221_assignment/install.log --single-version-externally-managed install_data
[2.281s] running egg_info
[2.282s] creating ../../build/atp221_assignment/atp221_assignment.egg-info
[2.309s] writing ../../build/atp221_assignment/atp221_assignment.egg-info/PKG-INFO
[2.310s] writing dependency_links to ../../build/atp221_assignment/atp221_assignment.egg-info/dependency_links.txt
[2.310s] writing entry points to ../../build/atp221_assignment/atp221_assignment.egg-info/entry_points.txt
[2.310s] writing requirements to ../../build/atp221_assignment/atp221_assignment.egg-info/requires.txt
[2.311s] writing top-level names to ../../build/atp221_assignment/atp221_assignment.egg-info/top_level.txt
[2.311s] writing manifest file '../../build/atp221_assignment/atp221_assignment.egg-info/SOURCES.txt'
[2.360s] reading manifest file '../../build/atp221_assignment/atp221_assignment.egg-info/SOURCES.txt'
[2.362s] writing manifest file '../../build/atp221_assignment/atp221_assignment.egg-info/SOURCES.txt'
[2.362s] running build
[2.363s] running build_py
[2.363s] creating /home/user/ros2_ws/build/atp221_assignment/build
[2.363s] creating /home/user/ros2_ws/build/atp221_assignment/build/lib
[2.364s] creating /home/user/ros2_ws/build/atp221_assignment/build/lib/atp221_assignment
[2.364s] copying atp221_assignment/__init__.py -> /home/user/ros2_ws/build/atp221_assignment/build/lib/atp221_assignment
[2.364s] copying atp221_assignment/publisher_node.py -> /home/user/ros2_ws/build/atp221_assignment/build/lib/atp221_assignment
[2.364s] copying atp221_assignment/subscriber_node.py -> /home/user/ros2_ws/build/atp221_assignment/build/lib/atp221_assignment
[2.364s] running install
[2.372s] running install_lib
[2.405s] creating /home/user/ros2_ws/install/atp221_assignment/lib/python3.12/site-packages/atp221_assignment
[2.406s] copying /home/user/ros2_ws/build/atp221_assignment/build/lib/atp221_assignment/__init__.py -> /home/user/ros2_ws/install/atp221_assignment/lib/python3.12/site-packages/atp221_assignment
[2.406s] copying /home/user/ros2_ws/build/atp221_assignment/build/lib/atp221_assignment/publisher_node.py -> /home/user/ros2_ws/install/atp221_assignment/lib/python3.12/site-packages/atp221_assignment
[2.406s] copying /home/user/ros2_ws/build/atp221_assignment/build/lib/atp221_assignment/subscriber_node.py -> /home/user/ros2_ws/install/atp221_assignment/lib/python3.12/site-packages/atp221_assignment
[2.407s] byte-compiling /home/user/ros2_ws/install/atp221_assignment/lib/python3.12/site-packages/atp221_assignment/__init__.py to __init__.cpython-312.pyc
[2.407s] byte-compiling /home/user/ros2_ws/install/atp221_assignment/lib/python3.12/site-packages/atp221_assignment/publisher_node.py to publisher_node.cpython-312.pyc
[2.407s] byte-compiling /home/user/ros2_ws/install/atp221_assignment/lib/python3.12/site-packages/atp221_assignment/subscriber_node.py to subscriber_node.cpython-312.pyc
[2.408s] running install_data
[2.408s] creating /home/user/ros2_ws/install/atp221_assignment/share/ament_index
[2.409s] creating /home/user/ros2_ws/install/atp221_assignment/share/ament_index/resource_index
[2.409s] creating /home/user/ros2_ws/install/atp221_assignment/share/ament_index/resource_index/packages
[2.409s] copying resource/atp221_assignment -> /home/user/ros2_ws/install/atp221_assignment/share/ament_index/resource_index/packages
[2.409s] copying package.xml -> /home/user/ros2_ws/install/atp221_assignment/share/atp221_assignment
[2.409s] running install_egg_info
[2.437s] Copying ../../build/atp221_assignment/atp221_assignment.egg-info to /home/user/ros2_ws/install/atp221_assignment/lib/python3.12/site-packages/atp221_assignment-0.0.0-py3.12.egg-info
[2.439s] running install_scripts
[2.617s] Installing publisher_node script to /home/user/ros2_ws/install/atp221_assignment/lib/atp221_assignment
[2.617s] Installing subscriber_node script to /home/user/ros2_ws/install/atp221_assignment/lib/atp221_assignment
[2.618s] writing list of installed files to '/home/user/ros2_ws/build/atp221_assignment/install.log'
[2.661s] Invoked command in '/home/user/ros2_ws/src/atp221_assignment' returned '0': DEBUGINFOD_URLS=https://debuginfod.ubuntu.com PYTHONPATH=/home/user/ros2_ws/build/atp221_assignment/prefix_override:/usr/lib/python3/dist-packages/colcon_core/task/python/colcon_distutils_commands:/home/user/ros2_ws/install/atp221_assignment/lib/python3.12/site-packages:${PYTHONPATH} /usr/bin/python3 -W ignore:setup.py install is deprecated -W ignore:easy_install command is deprecated setup.py egg_info --egg-base ../../build/atp221_assignment build --build-base /home/user/ros2_ws/build/atp221_assignment/build install --record /home/user/ros2_ws/build/atp221_assignment/install.log --single-version-externally-managed install_data
